<?xml version="1.0" encoding="UTF-8"?>
<testsuite name="tdd.TestDrivenDevelopment" tests="1" skipped="0" failures="0" errors="0" timestamp="2020-11-06T13:57:46" hostname="DESKTOP-O5DQE4O" time="0.003">
  <properties/>
  <testcase name="testMultiplication" classname="tdd.TestDrivenDevelopment" time="0.003"/>
  <system-out><![CDATA[]]></system-out>
  <system-err><![CDATA[]]></system-err>
</testsuite>
